18/09/22  11:09:14 AM : INFO : ***************** TestLogin001 ***************** 
18/09/22  11:09:14 AM : INFO : ***************** Verifying HomePage Title ***************** 
18/09/22  11:09:15 AM : INFO : ***************** TestLogin001 ***************** 
18/09/22  11:09:15 AM : INFO : ***************** Verifying LoginPage Title *****************
18/09/22  11:09:19 AM : INFO : ***************** LoginPage Title Verification Passed *****************
18/09/22  11:09:25 AM : INFO : ***************** HomePage Title Verification Passed *****************
18/09/22  02:37:14 PM : INFO : ***************** TestLoginDDT002 ***************** 
18/09/22  02:37:14 PM : INFO : ***************** Verifying LoginPage DDT ***************** 
18/09/22  02:37:22 PM : INFO : Passed
18/09/22  02:37:25 PM : INFO : Passed
18/09/22  02:40:21 PM : INFO : ***************** TestLoginDDT002 ***************** 
18/09/22  02:40:21 PM : INFO : ***************** Verifying LoginPage DDT ***************** 
18/09/22  02:40:29 PM : INFO : Passed
18/09/22  02:40:32 PM : INFO : Passed
18/09/22  02:40:33 PM : INFO : Passed
18/09/22  02:40:33 PM : INFO : Passed
18/09/22  02:40:33 PM : INFO : ***************** LoginPage DDT Passed ***************** 
18/09/22  02:40:33 PM : INFO : ***************** LoginPage DDT Completed ***************** 
18/09/22  02:41:00 PM : INFO : ***************** TestLoginDDT002 ***************** 
18/09/22  02:41:00 PM : INFO : ***************** Verifying LoginPage DDT ***************** 
18/09/22  02:41:08 PM : INFO : Passed
18/09/22  02:41:12 PM : INFO : Passed
18/09/22  02:41:12 PM : INFO : Passed
18/09/22  02:41:13 PM : INFO : Passed
18/09/22  02:41:13 PM : INFO : ***************** LoginPage DDT Passed ***************** 
18/09/22  02:41:13 PM : INFO : ***************** LoginPage DDT Completed ***************** 
18/09/22  02:44:36 PM : INFO : ***************** TestLogin001 ***************** 
18/09/22  02:44:36 PM : INFO : ***************** Verifying LoginPage Title *****************
18/09/22  02:44:38 PM : INFO : ***************** TestLogin001 ***************** 
18/09/22  02:44:38 PM : INFO : ***************** Verifying HomePage Title ***************** 
18/09/22  02:44:39 PM : INFO : ***************** LoginPage Title Verification Passed *****************
18/09/22  02:44:45 PM : INFO : ***************** HomePage Title Verification Passed *****************
18/09/22  02:44:52 PM : INFO : ***************** TestLoginDDT002 ***************** 
18/09/22  02:44:52 PM : INFO : ***************** Verifying LoginPage DDT ***************** 
18/09/22  02:44:58 PM : INFO : Passed
18/09/22  02:45:00 PM : INFO : Passed
18/09/22  02:45:01 PM : INFO : Passed
18/09/22  02:45:02 PM : INFO : Passed
18/09/22  02:45:02 PM : INFO : ***************** LoginPage DDT Passed ***************** 
18/09/22  02:45:02 PM : INFO : ***************** LoginPage DDT Completed ***************** 
18/09/22  03:42:12 PM : INFO : ***************** TestLogin001 ***************** 
18/09/22  03:42:12 PM : INFO : ***************** Verifying HomePage Title ***************** 
18/09/22  03:42:15 PM : INFO : ***************** TestLogin001 ***************** 
18/09/22  03:42:15 PM : INFO : ***************** Verifying LoginPage Title *****************
18/09/22  03:42:18 PM : INFO : ***************** LoginPage Title Verification Passed *****************
18/09/22  03:42:38 PM : INFO : ***************** HomePage Title Verification Passed *****************
18/09/22  03:42:44 PM : INFO : ***************** TestLoginDDT002 ***************** 
18/09/22  03:42:44 PM : INFO : ***************** Verifying LoginPage DDT ***************** 
18/09/22  03:42:50 PM : INFO : Passed
18/09/22  03:42:52 PM : INFO : Passed
18/09/22  03:42:53 PM : INFO : Passed
18/09/22  03:42:53 PM : INFO : Passed
18/09/22  03:42:54 PM : INFO : ***************** LoginPage DDT Passed ***************** 
18/09/22  03:42:54 PM : INFO : ***************** LoginPage DDT Completed ***************** 
19/09/22  10:19:37 AM : INFO : ***************** TestLogin001 ***************** 
19/09/22  10:19:37 AM : INFO : ***************** Verifying LoginPage Title *****************
19/09/22  10:19:38 AM : INFO : ***************** LoginPage Title Verification Passed *****************
19/09/22  10:19:41 AM : INFO : ***************** TestLogin001 ***************** 
19/09/22  10:19:41 AM : INFO : ***************** Verifying HomePage Title ***************** 
19/09/22  10:19:51 AM : INFO : ***************** HomePage Title Verification Passed *****************
19/09/22  10:19:57 AM : INFO : ***************** TestLoginDDT002 ***************** 
19/09/22  10:19:57 AM : INFO : ***************** Verifying LoginPage DDT ***************** 
19/09/22  10:20:04 AM : INFO : Passed
19/09/22  10:20:46 AM : INFO : ***************** TestLogin001 ***************** 
19/09/22  10:20:46 AM : INFO : ***************** Verifying LoginPage Title *****************
19/09/22  10:20:49 AM : INFO : ***************** LoginPage Title Verification Passed *****************
19/09/22  10:20:52 AM : INFO : ***************** TestLogin001 ***************** 
19/09/22  10:20:52 AM : INFO : ***************** Verifying HomePage Title ***************** 
19/09/22  10:20:59 AM : INFO : ***************** HomePage Title Verification Passed *****************
19/09/22  10:21:02 AM : INFO : ***************** TestLoginDDT002 ***************** 
19/09/22  10:21:02 AM : INFO : ***************** Verifying LoginPage DDT ***************** 
19/09/22  10:21:09 AM : INFO : Passed
19/09/22  10:21:11 AM : INFO : Passed
19/09/22  10:21:12 AM : INFO : Passed
19/09/22  10:21:13 AM : INFO : Passed
19/09/22  10:21:13 AM : INFO : ***************** LoginPage DDT Passed ***************** 
19/09/22  10:21:13 AM : INFO : ***************** LoginPage DDT Completed ***************** 
19/09/22  10:34:50 AM : INFO : ***************** TestLogin001 ***************** 
19/09/22  10:34:50 AM : INFO : ***************** Verifying LoginPage Title *****************
19/09/22  10:34:51 AM : INFO : ***************** LoginPage Title Verification Passed *****************
19/09/22  10:34:57 AM : INFO : ***************** TestLogin001 ***************** 
19/09/22  10:34:57 AM : INFO : ***************** Verifying HomePage Title ***************** 
19/09/22  10:35:03 AM : INFO : ***************** HomePage Title Verification Passed *****************
19/09/22  10:35:06 AM : INFO : ***************** TestLoginDDT002 ***************** 
19/09/22  10:35:06 AM : INFO : ***************** Verifying LoginPage DDT ***************** 
19/09/22  10:35:12 AM : INFO : Passed
19/09/22  10:35:14 AM : INFO : Passed
19/09/22  10:35:15 AM : INFO : Passed
19/09/22  10:35:16 AM : INFO : Passed
19/09/22  10:35:16 AM : INFO : ***************** LoginPage DDT Passed ***************** 
19/09/22  10:35:16 AM : INFO : ***************** LoginPage DDT Completed ***************** 
19/09/22  10:36:35 AM : INFO : ***************** TestLogin001 ***************** 
19/09/22  10:36:35 AM : INFO : ***************** Verifying LoginPage Title *****************
19/09/22  10:36:37 AM : INFO : ***************** LoginPage Title Verification Passed *****************
19/09/22  10:36:43 AM : INFO : ***************** TestLogin001 ***************** 
19/09/22  10:36:43 AM : INFO : ***************** Verifying HomePage Title ***************** 
19/09/22  10:36:51 AM : INFO : ***************** HomePage Title Verification Passed *****************
19/09/22  10:36:54 AM : INFO : ***************** TestLoginDDT002 ***************** 
19/09/22  10:36:54 AM : INFO : ***************** Verifying LoginPage DDT ***************** 
19/09/22  10:37:11 AM : INFO : Passed
19/09/22  10:37:14 AM : INFO : Passed
19/09/22  10:37:15 AM : INFO : Passed
19/09/22  10:37:16 AM : INFO : Passed
19/09/22  10:37:16 AM : INFO : ***************** LoginPage DDT Passed ***************** 
19/09/22  10:37:16 AM : INFO : ***************** LoginPage DDT Completed ***************** 
